<?xml version="1.0" encoding="UTF-8"?>
<testng-results ignored="0" total="3" passed="3" failed="0" skipped="0">
  <reporter-output>
  </reporter-output>
  <suite started-at="2024-04-21T23:38:40 IST" name="Default suite" finished-at="2024-04-21T23:40:32 IST" duration-ms="111935">
    <groups>
      <group name="cucumber">
        <method signature="AbstractTestNGCucumberTests.runScenario(io.cucumber.testng.PickleWrapper,io.cucumber.testng.FeatureWrapper)[pri:0, instance:TestRunner.TestNGTestRunner@7526515b]" name="runScenario" class="io.cucumber.testng.AbstractTestNGCucumberTests"/>
      </group> <!-- cucumber -->
    </groups>
    <test started-at="2024-04-21T23:38:40 IST" name="Default test" finished-at="2024-04-21T23:40:32 IST" duration-ms="111935">
      <class name="TestRunner.TestNGTestRunner">
        <test-method is-config="true" signature="setUpClass(org.testng.ITestContext)[pri:0, instance:TestRunner.TestNGTestRunner@7526515b]" started-at="2024-04-21T23:38:40 IST" name="setUpClass" finished-at="2024-04-21T23:38:40 IST" duration-ms="249" status="PASS">
          <params>
            <param index="0">
              <value>
                <![CDATA[org.testng.TestRunner@5fef2aac]]>
              </value>
            </param>
          </params>
          <reporter-output>
          </reporter-output>
        </test-method> <!-- setUpClass -->
        <test-method signature="runScenario(io.cucumber.testng.PickleWrapper,io.cucumber.testng.FeatureWrapper)[pri:0, instance:TestRunner.TestNGTestRunner@7526515b]" started-at="2024-04-21T23:38:40 IST" name="runScenario" description="Runs Cucumber Scenarios" data-provider="scenarios" finished-at="2024-04-21T23:39:12 IST" duration-ms="32625" status="PASS">
          <params>
            <param index="0">
              <value>
                <![CDATA["Adding a Monitor to cart and verfying price"]]>
              </value>
            </param>
            <param index="1">
              <value>
                <![CDATA["Add items to cart and verify subtotal"]]>
              </value>
            </param>
          </params>
          <reporter-output>
          </reporter-output>
        </test-method> <!-- runScenario -->
        <test-method signature="runScenario(io.cucumber.testng.PickleWrapper,io.cucumber.testng.FeatureWrapper)[pri:0, instance:TestRunner.TestNGTestRunner@7526515b]" started-at="2024-04-21T23:39:12 IST" name="runScenario" description="Runs Cucumber Scenarios" data-provider="scenarios" finished-at="2024-04-21T23:39:44 IST" duration-ms="31487" status="PASS">
          <params>
            <param index="0">
              <value>
                <![CDATA["Adding a Laptop to cart and verfying price"]]>
              </value>
            </param>
            <param index="1">
              <value>
                <![CDATA["Add items to cart and verify subtotal"]]>
              </value>
            </param>
          </params>
          <reporter-output>
          </reporter-output>
        </test-method> <!-- runScenario -->
        <test-method signature="runScenario(io.cucumber.testng.PickleWrapper,io.cucumber.testng.FeatureWrapper)[pri:0, instance:TestRunner.TestNGTestRunner@7526515b]" started-at="2024-04-21T23:39:44 IST" name="runScenario" description="Runs Cucumber Scenarios" data-provider="scenarios" finished-at="2024-04-21T23:40:32 IST" duration-ms="47536" status="PASS">
          <params>
            <param index="0">
              <value>
                <![CDATA["Adding a Headphone and Keyboard to cart and verfying subtotal"]]>
              </value>
            </param>
            <param index="1">
              <value>
                <![CDATA["Add items to cart and verify subtotal"]]>
              </value>
            </param>
          </params>
          <reporter-output>
          </reporter-output>
        </test-method> <!-- runScenario -->
        <test-method is-config="true" signature="tearDownClass()[pri:0, instance:TestRunner.TestNGTestRunner@7526515b]" started-at="2024-04-21T23:40:32 IST" name="tearDownClass" finished-at="2024-04-21T23:40:32 IST" duration-ms="17" status="PASS">
          <reporter-output>
          </reporter-output>
        </test-method> <!-- tearDownClass -->
      </class> <!-- TestRunner.TestNGTestRunner -->
    </test> <!-- Default test -->
  </suite> <!-- Default suite -->
</testng-results>
